<?xml version="1.0" encoding="UTF-8"?>
<!-- Generated by org.testng.reporters.JUnitXMLReporter -->
<testsuite hostname="丁枝" ignored="1" name="用户管理系统测试用例" tests="3" failures="2" timestamp="19 四月 2020 14:03:14 GMT" time="3.082" errors="0">
  <testcase name="loginTrue" time="0.98" classname="com.course.cases.LoginTest"/>
  <testcase name="getUserInfo" time="2.028" classname="com.course.cases.GetUserInfoTest">
    <failure type="org.apache.ibatis.exceptions.PersistenceException" message="
### Error querying database.  Cause: java.lang.IllegalArgumentException: Mapped Statements collection does not contain value for 33
### Cause: java.lang.IllegalArgumentException: Mapped Statements collection does not contain value for 33">
      <![CDATA[org.apache.ibatis.exceptions.PersistenceException: 
### Error querying database.  Cause: java.lang.IllegalArgumentException: Mapped Statements collection does not contain value for 33
### Cause: java.lang.IllegalArgumentException: Mapped Statements collection does not contain value for 33
	at org.apache.ibatis.exceptions.ExceptionFactory.wrapException(ExceptionFactory.java:30)
	at org.apache.ibatis.session.defaults.DefaultSqlSession.selectList(DefaultSqlSession.java:150)
	at org.apache.ibatis.session.defaults.DefaultSqlSession.selectList(DefaultSqlSession.java:141)
	at org.apache.ibatis.session.defaults.DefaultSqlSession.selectOne(DefaultSqlSession.java:77)
	at com.course.cases.GetUserInfoTest.getUserInfo(GetUserInfoTest.java:35)
	at com.intellij.rt.testng.IDEARemoteTestNG.run(IDEARemoteTestNG.java:66)
	at com.intellij.rt.testng.RemoteTestNGStarter.main(RemoteTestNGStarter.java:110)
Caused by: java.lang.IllegalArgumentException: Mapped Statements collection does not contain value for 33
	at org.apache.ibatis.session.Configuration$StrictMap.get(Configuration.java:875)
	at org.apache.ibatis.session.Configuration.getMappedStatement(Configuration.java:708)
	at org.apache.ibatis.session.Configuration.getMappedStatement(Configuration.java:701)
	at org.apache.ibatis.session.defaults.DefaultSqlSession.selectList(DefaultSqlSession.java:147)
	... 27 more
... Removed 22 stack frames]]>
    </failure>
  </testcase> <!-- getUserInfo -->
  <testcase name="getUserListInfo" time="0.014" classname="com.course.cases.GetUserInfoListTest">
    <failure type="org.apache.ibatis.exceptions.PersistenceException" message="
### Error querying database.  Cause: java.lang.IllegalArgumentException: Mapped Statements collection does not contain value for getUserLIstCase
### Cause: java.lang.IllegalArgumentException: Mapped Statements collection does not contain value for getUserLIstCase">
      <![CDATA[org.apache.ibatis.exceptions.PersistenceException: 
### Error querying database.  Cause: java.lang.IllegalArgumentException: Mapped Statements collection does not contain value for getUserLIstCase
### Cause: java.lang.IllegalArgumentException: Mapped Statements collection does not contain value for getUserLIstCase
	at org.apache.ibatis.exceptions.ExceptionFactory.wrapException(ExceptionFactory.java:30)
	at org.apache.ibatis.session.defaults.DefaultSqlSession.selectList(DefaultSqlSession.java:150)
	at org.apache.ibatis.session.defaults.DefaultSqlSession.selectList(DefaultSqlSession.java:141)
	at org.apache.ibatis.session.defaults.DefaultSqlSession.selectOne(DefaultSqlSession.java:77)
	at com.course.cases.GetUserInfoListTest.getUserListInfo(GetUserInfoListTest.java:25)
	at com.intellij.rt.testng.IDEARemoteTestNG.run(IDEARemoteTestNG.java:66)
	at com.intellij.rt.testng.RemoteTestNGStarter.main(RemoteTestNGStarter.java:110)
Caused by: java.lang.IllegalArgumentException: Mapped Statements collection does not contain value for getUserLIstCase
	at org.apache.ibatis.session.Configuration$StrictMap.get(Configuration.java:875)
	at org.apache.ibatis.session.Configuration.getMappedStatement(Configuration.java:708)
	at org.apache.ibatis.session.Configuration.getMappedStatement(Configuration.java:701)
	at org.apache.ibatis.session.defaults.DefaultSqlSession.selectList(DefaultSqlSession.java:147)
	... 27 more
... Removed 22 stack frames]]>
    </failure>
  </testcase> <!-- getUserListInfo -->
  <testcase name="loginFalse" time="0.0" classname="com.course.cases.LoginTest">
    <ignored/>
  </testcase> <!-- loginFalse -->
</testsuite> <!-- 用户管理系统测试用例 -->
